14:07:34.191 [main] INFO  - Goto my account-->Click on Login.. 
14:07:34.883 [main] INFO  - Entering email and password.. 
14:07:35.559 [main] INFO  - clicked on login button...
15:21:51.876 [main] INFO  - Goto my account-->Click on Login.. 
15:21:53.135 [main] INFO  - Entering email and password.. 
15:21:54.620 [main] INFO  - clicked on login button...
15:32:55.009 [main] INFO  - Goto my account-->Click on Login.. 
15:32:55.760 [main] INFO  - Entering email and password.. 
15:32:56.517 [main] INFO  - clicked on login button...
15:44:58.490 [main] INFO  - Goto my account-->Click on Login.. 
15:44:59.375 [main] INFO  - Entering email and password.. 
15:45:00.720 [main] INFO  - clicked on login button...
11:24:02.941 [pool-3-thread-1] INFO  - Goto my account-->Click on Login.. 
11:24:03.761 [pool-3-thread-1] INFO  - Entering email and password.. 
11:24:06.101 [pool-3-thread-1] INFO  - clicked on login button...
11:25:07.956 [main] INFO  - Goto my account-->Click on Login.. 
11:25:08.604 [main] INFO  - Entering email and password.. 
11:25:09.732 [main] INFO  - clicked on login button...
11:27:34.728 [main] INFO  - Goto my account-->Click on Login.. 
11:27:35.361 [main] INFO  - Entering email and password.. 
11:27:36.283 [main] INFO  - clicked on login button...
11:28:39.062 [pool-3-thread-1] INFO  - Goto my account-->Click on Login.. 
11:28:39.709 [pool-3-thread-1] INFO  - Entering email and password.. 
11:28:41.527 [pool-3-thread-1] INFO  - clicked on login button...
11:30:58.762 [main] INFO  - Goto my account-->Click on Login.. 
11:30:59.506 [main] INFO  - Entering email and password.. 
11:31:00.817 [main] INFO  - clicked on login button...
11:32:42.541 [main] INFO  - Goto my account-->Click on Login.. 
11:32:46.118 [main] INFO  - Entering email and password.. 
11:32:47.244 [main] INFO  - clicked on login button...
11:34:08.134 [main] INFO  - Goto my account-->Click on Login.. 
11:34:08.801 [main] INFO  - Entering email and password.. 
11:34:10.471 [main] INFO  - clicked on login button...
11:45:34.561 [main] INFO  - Goto my account-->Click on Login.. 
11:45:35.241 [main] INFO  - Entering email and password.. 
11:45:36.544 [main] INFO  - clicked on login button...
11:48:32.063 [main] INFO  - Goto my account-->Click on Login.. 
11:48:32.749 [main] INFO  - Entering email and password.. 
11:48:34.206 [main] INFO  - clicked on login button...
12:19:09.362 [main] INFO  - Goto my account-->Click on Login.. 
12:19:10.371 [main] INFO  - Entering email and password.. 
12:19:11.738 [main] INFO  - clicked on login button...
12:24:14.670 [main] INFO  - Goto my account-->Click on Login.. 
12:24:15.551 [main] INFO  - Entering email and password.. 
12:24:16.857 [main] INFO  - clicked on login button...
12:25:59.705 [main] INFO  - Goto my account-->Click on Login.. 
12:26:00.443 [main] INFO  - Entering email and password.. 
12:26:01.724 [main] INFO  - clicked on login button...
12:40:21.946 [main] INFO  - Goto my account-->Click on Login.. 
12:40:22.616 [main] INFO  - Entering email and password.. 
12:40:24.212 [main] INFO  - clicked on login button...
12:48:13.135 [main] INFO  - Goto my account-->Click on Login.. 
12:48:14.187 [main] INFO  - Entering email and password.. 
12:48:15.338 [main] INFO  - clicked on login button...
07:20:02.541 [main] INFO  - Goto my account-->Click on Login.. 
07:20:03.687 [main] INFO  - Entering email and password.. 
07:20:04.885 [main] INFO  - clicked on login button...
07:26:07.255 [main] INFO  - Goto my account-->Click on Login.. 
07:26:08.073 [main] INFO  - Entering email and password.. 
07:26:08.937 [main] INFO  - clicked on login button...
07:27:45.855 [main] INFO  - Goto my account-->Click on Login.. 
07:27:46.685 [main] INFO  - Entering email and password.. 
07:27:47.506 [main] INFO  - clicked on login button...
07:42:18.774 [main] INFO  - Goto my account-->Click on Login.. 
07:42:19.621 [main] INFO  - Entering email and password.. 
07:42:20.495 [main] INFO  - clicked on login button...
07:44:30.850 [main] INFO  - Goto my account-->Click on Login.. 
07:44:31.695 [main] INFO  - Entering email and password.. 
07:44:32.578 [main] INFO  - clicked on login button...
07:46:04.249 [main] INFO  - Goto my account-->Click on Login.. 
07:46:05.043 [main] INFO  - Entering email and password.. 
07:46:05.916 [main] INFO  - clicked on login button...
07:52:55.919 [main] INFO  - Goto my account-->Click on Login.. 
07:52:56.718 [main] INFO  - Entering email and password.. 
07:52:57.593 [main] INFO  - clicked on login button...
21:43:39.541 [main] INFO  - Goto my account-->Click on Login.. 
21:43:39.984 [main] INFO  - Entering email and password.. 
21:43:41.007 [main] INFO  - clicked on login button...
21:43:57.325 [main] INFO  - Goto my account-->Click on Login.. 
21:43:57.834 [main] INFO  - Entering email and password.. 
21:43:58.968 [main] INFO  - clicked on login button...
21:44:03.261 [main] INFO  - Goto my account-->Click on Login.. 
21:44:03.760 [main] INFO  - Entering email and password.. 
21:44:04.547 [main] INFO  - clicked on login button...
21:47:16.655 [main] INFO  - Goto my account-->Click on Login.. 
21:47:17.197 [main] INFO  - Entering email and password.. 
21:47:18.295 [main] INFO  - clicked on login button...
21:47:33.195 [main] INFO  - Goto my account-->Click on Login.. 
21:47:33.738 [main] INFO  - Entering email and password.. 
21:47:34.890 [main] INFO  - clicked on login button...
21:47:38.722 [main] INFO  - Goto my account-->Click on Login.. 
21:47:39.319 [main] INFO  - Entering email and password.. 
21:47:40.319 [main] INFO  - clicked on login button...
21:49:28.182 [main] INFO  - Goto my account-->Click on Login.. 
21:49:28.804 [main] DEBUG - Parsing relationship: /xl/_rels/workbook.xml.rels
21:49:28.807 [main] DEBUG - Parsing relationship: /xl/worksheets/_rels/sheet1.xml.rels
21:49:28.810 [main] DEBUG - Parsing relationship: /_rels/.rels
21:49:29.016 [main] TRACE - Loading type system org.apache.poi.schemas.ooxml.system.ooxml
21:49:29.020 [main] TRACE - Loading type system org.apache.xmlbeans.metadata.system.sXMLCONFIG
21:49:29.020 [main] TRACE - Loading type system org.apache.xmlbeans.metadata.system.sXMLLANG
21:49:29.021 [main] TRACE - Loading type system org.apache.xmlbeans.metadata.system.sXMLSCHEMA
21:49:29.021 [main] TRACE - Loading type system org.apache.xmlbeans.metadata.system.sXMLTOOLS
21:49:29.022 [main] TRACE - Reading unresolved handles for type system org.apache.xmlbeans.metadata.system.sXMLTOOLS
21:49:29.035 [main] TRACE - Finished loading type system org.apache.xmlbeans.metadata.system.sXMLTOOLS
21:49:29.036 [main] TRACE - Reading unresolved handles for type system org.apache.xmlbeans.metadata.system.sXMLSCHEMA
21:49:29.042 [main] TRACE - Finished loading type system org.apache.xmlbeans.metadata.system.sXMLSCHEMA
21:49:29.042 [main] TRACE - Reading unresolved handles for type system org.apache.xmlbeans.metadata.system.sXMLLANG
21:49:29.043 [main] TRACE - Finished loading type system org.apache.xmlbeans.metadata.system.sXMLLANG
21:49:29.043 [main] TRACE - Reading unresolved handles for type system org.apache.xmlbeans.metadata.system.sXMLCONFIG
21:49:29.045 [main] TRACE - Finished loading type system org.apache.xmlbeans.metadata.system.sXMLCONFIG
21:49:29.045 [main] TRACE - Reading unresolved handles for type system org.apache.poi.schemas.ooxml.system.ooxml
21:49:29.090 [main] TRACE - Finished loading type system org.apache.poi.schemas.ooxml.system.ooxml
21:49:29.091 [main] TRACE - Resolving type for handle themefd26doctype
21:49:29.170 [main] TRACE - Resolving type for handle stylesheet5d8bdoctype
21:49:29.179 [main] TRACE - Resolving type for handle ctstylesheet4257type
21:49:29.186 [main] TRACE - Resolving type for handle ctfonts6623type
21:49:29.191 [main] TRACE - Resolving type for handle ctfont14d8type
21:49:29.197 [main] TRACE - Resolving type for handle ctfills2c6ftype
21:49:29.200 [main] TRACE - Resolving type for handle ctfill550ctype
21:49:29.207 [main] TRACE - Resolving type for handle ctborders0d66type
21:49:29.211 [main] TRACE - Resolving type for handle ctborderf935type
21:49:29.215 [main] TRACE - Resolving type for handle ctcellxfs1322type
21:49:29.218 [main] TRACE - Resolving type for handle ctxf97f7type
21:49:29.222 [main] TRACE - Resolving type for handle ctcellstylexfsa81ftype
21:49:29.224 [main] TRACE - Resolving type for handle ctdxfsb26atype
21:49:29.226 [main] TRACE - Resolving type for handle cttablestyles872ftype
21:49:29.231 [main] TRACE - Resolving type for handle sstf81fdoctype
21:49:29.235 [main] TRACE - Resolving type for handle ctsst44f3type
21:49:29.245 [main] TRACE - Resolving type for handle ctrsta472type
21:49:29.266 [main] DEBUG - using default POIXMLDocumentPart for http://schemas.openxmlformats.org/officeDocument/2006/relationships/printerSettings
21:49:29.267 [main] TRACE - Resolving type for handle workbookec17doctype
21:49:29.272 [main] TRACE - Resolving type for handle ctworkbook83c3type
21:49:29.277 [main] TRACE - Resolving type for handle ctsheets49fdtype
21:49:29.280 [main] TRACE - Resolving type for handle ctsheet4dbetype
21:49:29.283 [main] TRACE - Resolving type for handle strelationshipid1e94type
21:49:29.286 [main] TRACE - Resolving type for handle worksheetf539doctype
21:49:29.292 [main] TRACE - Resolving type for handle ctworksheet530dtype
21:49:29.298 [main] TRACE - Resolving type for handle ctsheetdata8408type
21:49:29.301 [main] TRACE - Resolving type for handle ctrowdd39type
21:49:29.306 [main] TRACE - Resolving type for handle ctcell842btype
21:49:29.311 [main] TRACE - Resolving type for handle stcellrefe4e0type
21:49:29.318 [main] TRACE - Resolving type for handle ctcols627ctype
21:49:29.321 [main] TRACE - Resolving type for handle ctcola95ftype
21:49:29.333 [main] TRACE - Resolving type for handle cthyperlinks6416type
21:49:29.334 [main] TRACE - Resolving type for handle cthyperlink0c85type
21:49:29.340 [main] TRACE - Resolving type for handle stxstringf179type
21:49:29.342 [main] TRACE - Resolving type for handle stcelltypebf95type
21:49:44.757 [main] INFO  - Goto my account-->Click on Login.. 
21:49:45.353 [main] DEBUG - Parsing relationship: /xl/_rels/workbook.xml.rels
21:49:45.355 [main] DEBUG - Parsing relationship: /xl/worksheets/_rels/sheet1.xml.rels
21:49:45.356 [main] DEBUG - Parsing relationship: /_rels/.rels
21:49:45.380 [main] DEBUG - using default POIXMLDocumentPart for http://schemas.openxmlformats.org/officeDocument/2006/relationships/printerSettings
21:49:51.743 [main] INFO  - Goto my account-->Click on Login.. 
21:49:52.326 [main] DEBUG - Parsing relationship: /xl/_rels/workbook.xml.rels
21:49:52.326 [main] DEBUG - Parsing relationship: /xl/worksheets/_rels/sheet1.xml.rels
21:49:52.330 [main] DEBUG - Parsing relationship: /_rels/.rels
21:49:52.406 [main] DEBUG - using default POIXMLDocumentPart for http://schemas.openxmlformats.org/officeDocument/2006/relationships/printerSettings
21:52:50.660 [main] INFO  - Goto my account-->Click on Login.. 
21:52:51.308 [main] DEBUG - Parsing relationship: /xl/_rels/workbook.xml.rels
21:52:51.314 [main] DEBUG - Parsing relationship: /xl/worksheets/_rels/sheet1.xml.rels
21:52:51.316 [main] DEBUG - Parsing relationship: /_rels/.rels
21:52:51.516 [main] TRACE - Loading type system org.apache.poi.schemas.ooxml.system.ooxml
21:52:51.519 [main] TRACE - Loading type system org.apache.xmlbeans.metadata.system.sXMLCONFIG
21:52:51.520 [main] TRACE - Loading type system org.apache.xmlbeans.metadata.system.sXMLLANG
21:52:51.521 [main] TRACE - Loading type system org.apache.xmlbeans.metadata.system.sXMLSCHEMA
21:52:51.521 [main] TRACE - Loading type system org.apache.xmlbeans.metadata.system.sXMLTOOLS
21:52:51.522 [main] TRACE - Reading unresolved handles for type system org.apache.xmlbeans.metadata.system.sXMLTOOLS
21:52:51.531 [main] TRACE - Finished loading type system org.apache.xmlbeans.metadata.system.sXMLTOOLS
21:52:51.532 [main] TRACE - Reading unresolved handles for type system org.apache.xmlbeans.metadata.system.sXMLSCHEMA
21:52:51.536 [main] TRACE - Finished loading type system org.apache.xmlbeans.metadata.system.sXMLSCHEMA
21:52:51.537 [main] TRACE - Reading unresolved handles for type system org.apache.xmlbeans.metadata.system.sXMLLANG
21:52:51.538 [main] TRACE - Finished loading type system org.apache.xmlbeans.metadata.system.sXMLLANG
21:52:51.539 [main] TRACE - Reading unresolved handles for type system org.apache.xmlbeans.metadata.system.sXMLCONFIG
21:52:51.541 [main] TRACE - Finished loading type system org.apache.xmlbeans.metadata.system.sXMLCONFIG
21:52:51.542 [main] TRACE - Reading unresolved handles for type system org.apache.poi.schemas.ooxml.system.ooxml
21:52:51.590 [main] TRACE - Finished loading type system org.apache.poi.schemas.ooxml.system.ooxml
21:52:51.591 [main] TRACE - Resolving type for handle themefd26doctype
21:52:51.647 [main] TRACE - Resolving type for handle stylesheet5d8bdoctype
21:52:51.651 [main] TRACE - Resolving type for handle ctstylesheet4257type
21:52:51.654 [main] TRACE - Resolving type for handle ctfonts6623type
21:52:51.656 [main] TRACE - Resolving type for handle ctfont14d8type
21:52:51.663 [main] TRACE - Resolving type for handle ctfills2c6ftype
21:52:51.666 [main] TRACE - Resolving type for handle ctfill550ctype
21:52:51.668 [main] TRACE - Resolving type for handle ctborders0d66type
21:52:51.671 [main] TRACE - Resolving type for handle ctborderf935type
21:52:51.673 [main] TRACE - Resolving type for handle ctcellxfs1322type
21:52:51.675 [main] TRACE - Resolving type for handle ctxf97f7type
21:52:51.677 [main] TRACE - Resolving type for handle ctcellstylexfsa81ftype
21:52:51.678 [main] TRACE - Resolving type for handle ctdxfsb26atype
21:52:51.680 [main] TRACE - Resolving type for handle cttablestyles872ftype
21:52:51.682 [main] TRACE - Resolving type for handle sstf81fdoctype
21:52:51.686 [main] TRACE - Resolving type for handle ctsst44f3type
21:52:51.695 [main] TRACE - Resolving type for handle ctrsta472type
21:52:51.711 [main] DEBUG - using default POIXMLDocumentPart for http://schemas.openxmlformats.org/officeDocument/2006/relationships/printerSettings
21:52:51.712 [main] TRACE - Resolving type for handle workbookec17doctype
21:52:51.717 [main] TRACE - Resolving type for handle ctworkbook83c3type
21:52:51.721 [main] TRACE - Resolving type for handle ctsheets49fdtype
21:52:51.723 [main] TRACE - Resolving type for handle ctsheet4dbetype
21:52:51.724 [main] TRACE - Resolving type for handle strelationshipid1e94type
21:52:51.727 [main] TRACE - Resolving type for handle worksheetf539doctype
21:52:51.734 [main] TRACE - Resolving type for handle ctworksheet530dtype
21:52:51.740 [main] TRACE - Resolving type for handle ctsheetdata8408type
21:52:51.741 [main] TRACE - Resolving type for handle ctrowdd39type
21:52:51.746 [main] TRACE - Resolving type for handle ctcell842btype
21:52:51.750 [main] TRACE - Resolving type for handle stcellrefe4e0type
21:52:51.756 [main] TRACE - Resolving type for handle ctcols627ctype
21:52:51.759 [main] TRACE - Resolving type for handle ctcola95ftype
21:52:51.771 [main] TRACE - Resolving type for handle cthyperlinks6416type
21:52:51.773 [main] TRACE - Resolving type for handle cthyperlink0c85type
21:52:51.777 [main] TRACE - Resolving type for handle stxstringf179type
21:52:51.778 [main] TRACE - Resolving type for handle stcelltypebf95type
21:53:07.797 [main] INFO  - Goto my account-->Click on Login.. 
21:53:08.303 [main] DEBUG - Parsing relationship: /xl/_rels/workbook.xml.rels
21:53:08.305 [main] DEBUG - Parsing relationship: /xl/worksheets/_rels/sheet1.xml.rels
21:53:08.307 [main] DEBUG - Parsing relationship: /_rels/.rels
21:53:08.330 [main] DEBUG - using default POIXMLDocumentPart for http://schemas.openxmlformats.org/officeDocument/2006/relationships/printerSettings
21:53:14.594 [main] INFO  - Goto my account-->Click on Login.. 
21:53:15.251 [main] DEBUG - Parsing relationship: /xl/_rels/workbook.xml.rels
21:53:15.255 [main] DEBUG - Parsing relationship: /xl/worksheets/_rels/sheet1.xml.rels
21:53:15.255 [main] DEBUG - Parsing relationship: /_rels/.rels
21:53:15.264 [main] DEBUG - using default POIXMLDocumentPart for http://schemas.openxmlformats.org/officeDocument/2006/relationships/printerSettings
22:01:36.535 [main] INFO  - Goto my account-->Click on Login.. 
22:01:37.115 [main] INFO  - Entering email and password.. 
22:01:38.442 [main] INFO  - clicked on login button...
22:01:53.513 [main] INFO  - Goto my account-->Click on Login.. 
22:01:54.076 [main] INFO  - Entering email and password.. 
22:01:55.367 [main] INFO  - clicked on login button...
22:01:59.561 [main] INFO  - Goto my account-->Click on Login.. 
22:02:00.056 [main] INFO  - Entering email and password.. 
22:02:00.996 [main] INFO  - clicked on login button...
00:09:29.371 [main] INFO  - Goto my account-->Click on Login.. 
00:09:30.181 [main] INFO  - Entering email and password.. 
00:09:31.644 [main] INFO  - clicked on login button...
00:09:47.578 [main] INFO  - Goto my account-->Click on Login.. 
00:09:48.397 [main] INFO  - Entering email and password.. 
00:09:49.875 [main] INFO  - clicked on login button...
00:09:54.546 [main] INFO  - Goto my account-->Click on Login.. 
00:09:55.250 [main] INFO  - Entering email and password.. 
00:09:56.418 [main] INFO  - clicked on login button...
